<?xml version="1.0" encoding="UTF-8"?>
<testsuite xmlns:xsi="http://www.w3.org/2001/XMLSchema-instance" xsi:noNamespaceSchemaLocation="https://maven.apache.org/surefire/maven-surefire-plugin/xsd/surefire-test-report-3.0.xsd" version="3.0" name="com.example.EmprestimoTest" time="0.023" tests="3" errors="0" skipped="0" failures="0">
  <properties>
[...]
</properties>
  <testcase name="testEmprestarLivrosDisponiveis" classname="com.example.EmprestimoTest" time="0.002"/>
  <testcase name="testEmprestarLivroIndisponivel" classname="com.example.EmprestimoTest" time="0.012">
    <system-out><![CDATA[Livro Livro 1 não está disponível.
]]></system-out>
  </testcase>
  <testcase name="testAlunoComDebito" classname="com.example.EmprestimoTest" time="0.002"/>
</testsuite>